<?xml version="1.0" encoding="UTF-8"?>
<robot generator="Robot 6.1.1 (Python 3.12.0 on darwin)" generated="20240110 13:05:50.042" rpa="false" schemaversion="4">
<suite id="s1" name="Hotstar" source="/Users/anishkumar/PycharmProjects/python_robo/anish-robot-project-24/Tests/Hotstar.robot">
<test id="s1-t1" name="Validate Player controls" line="38">
<kw name="Open the browser with the Url" library="generic">
<kw name="Open Browser" library="SeleniumLibrary">
<arg>${url}</arg>
<arg>${browser}</arg>
<doc>Opens a new browser instance to the optional ``url``.</doc>
<msg timestamp="20240110 13:05:50.409" level="INFO">Opening browser 'chrome' to base url 'https://pp5.hotstar.com/'.</msg>
<status status="PASS" starttime="20240110 13:05:50.408" endtime="20240110 13:06:00.732"/>
</kw>
<status status="PASS" starttime="20240110 13:05:50.407" endtime="20240110 13:06:00.732"/>
</kw>
<kw name="Set Selenium Implicit Wait" library="SeleniumLibrary">
<arg>10 seconds</arg>
<doc>Sets the implicit wait value used by Selenium.</doc>
<status status="PASS" starttime="20240110 13:06:00.733" endtime="20240110 13:06:00.734"/>
</kw>
<kw name="Select Search Tab" library="homePage">
<kw name="Wait Until Element Is Visible" library="SeleniumLibrary">
<arg>${search_tray_Element }</arg>
<doc>Waits until the element ``locator`` is visible.</doc>
<status status="PASS" starttime="20240110 13:06:00.735" endtime="20240110 13:06:00.774"/>
</kw>
<kw name="Click Element" library="SeleniumLibrary">
<arg>${search_tray_Element }</arg>
<doc>Click the element identified by ``locator``.</doc>
<msg timestamp="20240110 13:06:00.775" level="INFO">Clicking element '//a[contains(.,'Search')]'.</msg>
<status status="PASS" starttime="20240110 13:06:00.774" endtime="20240110 13:06:00.914"/>
</kw>
<status status="PASS" starttime="20240110 13:06:00.735" endtime="20240110 13:06:00.914"/>
</kw>
<kw name="Enter the content &amp; search" library="searchPage">
<arg>${MovieName}</arg>
<kw name="Sleep" library="BuiltIn">
<arg>3</arg>
<doc>Pauses the test executed for the given time.</doc>
<msg timestamp="20240110 13:06:03.915" level="INFO">Slept 3 seconds</msg>
<status status="PASS" starttime="20240110 13:06:00.914" endtime="20240110 13:06:03.915"/>
</kw>
<kw name="Mouse Over" library="SeleniumLibrary">
<arg>${searchbarTxtbox}</arg>
<doc>Simulates hovering the mouse over the element ``locator``.</doc>
<msg timestamp="20240110 13:06:03.917" level="FAIL">Variable '${searchbarTxtbox}' not found.</msg>
<status status="FAIL" starttime="20240110 13:06:03.916" endtime="20240110 13:06:03.917"/>
</kw>
<kw name="Wait Until Element Is Visible" library="SeleniumLibrary">
<arg>${searchbarTxtbox}</arg>
<doc>Waits until the element ``locator`` is visible.</doc>
<status status="NOT RUN" starttime="20240110 13:06:03.917" endtime="20240110 13:06:03.917"/>
</kw>
<kw name="Mouse Over" library="SeleniumLibrary">
<arg>${searchbarTxtbox}</arg>
<doc>Simulates hovering the mouse over the element ``locator``.</doc>
<status status="NOT RUN" starttime="20240110 13:06:03.917" endtime="20240110 13:06:03.917"/>
</kw>
<kw name="Click Element" library="SeleniumLibrary">
<arg>${searchbarTxtbox}</arg>
<doc>Click the element identified by ``locator``.</doc>
<status status="NOT RUN" starttime="20240110 13:06:03.917" endtime="20240110 13:06:03.917"/>
</kw>
<kw name="Input Text" library="SeleniumLibrary">
<arg>${searchbarTxtbox}</arg>
<arg>${Movie_Name}</arg>
<doc>Types the given ``text`` into the text field identified by ``locator``.</doc>
<status status="NOT RUN" starttime="20240110 13:06:03.917" endtime="20240110 13:06:03.917"/>
</kw>
<kw name="Wait Until Element Is Visible" library="SeleniumLibrary">
<arg>//*[.='${Movie_Name}']</arg>
<doc>Waits until the element ``locator`` is visible.</doc>
<status status="NOT RUN" starttime="20240110 13:06:03.917" endtime="20240110 13:06:03.917"/>
</kw>
<kw name="Wait Until Element Is Visible" library="SeleniumLibrary">
<arg>${watchNowbtn}</arg>
<doc>Waits until the element ``locator`` is visible.</doc>
<status status="NOT RUN" starttime="20240110 13:06:03.917" endtime="20240110 13:06:03.918"/>
</kw>
<kw name="Click Element" library="SeleniumLibrary">
<arg>${watchNowbtn}</arg>
<doc>Click the element identified by ``locator``.</doc>
<status status="NOT RUN" starttime="20240110 13:06:03.918" endtime="20240110 13:06:03.918"/>
</kw>
<status status="FAIL" starttime="20240110 13:06:00.914" endtime="20240110 13:06:03.918"/>
</kw>
<status status="FAIL" starttime="20240110 13:05:50.406" endtime="20240110 13:06:03.918">Variable '${searchbarTxtbox}' not found.</status>
</test>
<doc>A resource file with reusable keywords and variables.

The system specific keywords created here form our own
domain specific language. They utilize keywords provided
by the imported SeleniumLibrary.</doc>
<status status="FAIL" starttime="20240110 13:05:50.044" endtime="20240110 13:06:03.919"/>
</suite>
<statistics>
<total>
<stat pass="0" fail="1" skip="0">All Tests</stat>
</total>
<tag>
</tag>
<suite>
<stat pass="0" fail="1" skip="0" id="s1" name="Hotstar">Hotstar</stat>
</suite>
</statistics>
<errors>
<msg timestamp="20240110 13:05:50.044" level="ERROR">Error in file '/Users/anishkumar/PycharmProjects/python_robo/anish-robot-project-24/Tests/Hotstar.robot' on line 22: Setting variable '${MovieName} = titanic' failed: Invalid variable name '${MovieName} = titanic'.</msg>
<msg timestamp="20240110 13:05:50.401" level="ERROR">Error in file '/Users/anishkumar/PycharmProjects/python_robo/anish-robot-project-24/PO/searchPage.robot' on line 10: Processing variable file '/Users/anishkumar/PycharmProjects/python_robo/anish-robot-project-24/Locators/searchPage.py' failed: Importing variable file '/Users/anishkumar/PycharmProjects/python_robo/anish-robot-project-24/Locators/searchPage.py' failed: ModuleNotFoundError: No module named 'searchPage'
Traceback (most recent call last):
  None
PYTHONPATH:
  /Users/anishkumar/PycharmProjects/python_robo/anish-robot-project-24/Locators
  /Library/Frameworks/Python.framework/Versions/3.12/bin
  /Library/Frameworks/Python.framework/Versions/3.12/lib/python312.zip
  /Library/Frameworks/Python.framework/Versions/3.12/lib/python3.12
  /Library/Frameworks/Python.framework/Versions/3.12/lib/python3.12/lib-dynload
  /Library/Frameworks/Python.framework/Versions/3.12/lib/python3.12/site-packages</msg>
</errors>
</robot>
